<?xml version="1.0" encoding="UTF-8"?>
<!-- Generated by org.testng.reporters.JUnitReportReporter -->
<testsuite hostname="DESKTOP-SA8OKRJ" failures="0" tests="1" name="TestCases.VerifyLoginTestCase" time="14.850" errors="0" timestamp="2022-08-28T22:44:54 IST" skipped="0">
  <testcase classname="TestCases.VerifyLoginTestCase" name="login" time="14.850"/>
  <system-out/>
</testsuite> <!-- TestCases.VerifyLoginTestCase -->
